C51 COMPILER V9.59.0.0   CODE                                                              10/05/2018 07:31:04 PAGE 1   


C51 COMPILER V9.59.0.0, COMPILATION OF MODULE CODE
OBJECT MODULE PLACED IN code.OBJ
COMPILER INVOKED BY: C:\Keil_v5\C51\BIN\C51.EXE code.c OPTIMIZE(8,SPEED) BROWSE DEBUG OBJECTEXTEND TABS(2)

line level    source

   1          #include<reg51.h>
   2          
   3          // LED Pin
   4          sbit LED = P1^0;       // Pin P1.0 is named as LED
   5          
   6          //Function declarations
   7          void cct_init(void);
   8          void delay(int a);
   9          sbit flag= P1^1;
  10          
  11          int main(void)
  12          {
  13   1         //cct_init();           // Make all ports zero
  14   1         flag=1;
  15   1         while(1)
  16   1         {
  17   2            while(flag==1)
  18   2            {
  19   3             LED = 0;            // Pin P1.0 Low
  20   3             delay(30000);     // Half sec delay
  21   3             LED = 1;        // Pin P1.0 High
  22   3             delay(30000);     // Half sec delay
  23   3            }
  24   2         }
  25   1      }
  26          
  27          void cct_init(void)
  28          {
  29   1      P0 = 0x00;   
  30   1      P1 = 0x00;   
  31   1      P2 = 0x00;   
  32   1      P3 = 0x00;  
  33   1      }
  34          
  35          void delay(int a)
  36          {
  37   1         int i;
  38   1         for(i=0;i<a;i++);   //null statement
  39   1      }
  40          


MODULE INFORMATION:   STATIC OVERLAYABLE
   CODE SIZE        =     59    ----
   CONSTANT SIZE    =   ----    ----
   XDATA SIZE       =   ----    ----
   PDATA SIZE       =   ----    ----
   DATA SIZE        =   ----    ----
   IDATA SIZE       =   ----    ----
   BIT SIZE         =   ----    ----
END OF MODULE INFORMATION.


C51 COMPILATION COMPLETE.  0 WARNING(S),  0 ERROR(S)
